0 info it worked if it ends with ok
1 verbose cli [ '/usr/local/bin/node', '/usr/local/bin/npm', 'publish' ]
2 info using npm@3.8.9
3 info using node@v6.2.0
4 verbose publish [ '.' ]
5 silly cache add args [ '.', null ]
6 verbose cache add spec .
7 silly cache add parsed spec Result {
7 silly cache add   raw: '.',
7 silly cache add   scope: null,
7 silly cache add   name: null,
7 silly cache add   rawSpec: '.',
7 silly cache add   spec: '/Users/ombre/www/OpenSource/fp',
7 silly cache add   type: 'directory' }
8 verbose addLocalDirectory /Users/ombre/.npm/jsfp/0.0.9/package.tgz not in flight; packing
9 verbose correctMkdir /Users/ombre/.npm correctMkdir not in flight; initializing
10 info lifecycle jsfp@0.0.9~prepublish: jsfp@0.0.9
11 silly lifecycle jsfp@0.0.9~prepublish: no script for prepublish, continuing
12 verbose tar pack [ '/Users/ombre/.npm/jsfp/0.0.9/package.tgz',
12 verbose tar pack   '/Users/ombre/www/OpenSource/fp' ]
13 verbose tarball /Users/ombre/.npm/jsfp/0.0.9/package.tgz
14 verbose folder /Users/ombre/www/OpenSource/fp
15 verbose addLocalTarball adding from inside cache /Users/ombre/.npm/jsfp/0.0.9/package.tgz
16 verbose correctMkdir /Users/ombre/.npm correctMkdir not in flight; initializing
17 silly cache afterAdd jsfp@0.0.9
18 verbose afterAdd /Users/ombre/.npm/jsfp/0.0.9/package/package.json not in flight; writing
19 verbose correctMkdir /Users/ombre/.npm correctMkdir not in flight; initializing
20 verbose afterAdd /Users/ombre/.npm/jsfp/0.0.9/package/package.json written
21 silly publish { name: 'jsfp',
21 silly publish   version: '0.0.9',
21 silly publish   description: 'Functional programming utilities for Javascript',
21 silly publish   main: 'dist/jsfp.js',
21 silly publish   scripts:
21 silly publish    { test: './node_modules/mocha/bin/mocha  --compilers js:babel-core/register ./tests/index.specs.js --harmony -u bdd -R spec --watch',
21 silly publish      'travis-test': './node_modules/mocha/bin/mocha  --compilers js:babel-core/register ./tests/index.specs.js --harmony -u bdd -R spec' },
21 silly publish   dependencies: {},
21 silly publish   devDependencies:
21 silly publish    { 'babel-core': '^6.1.2',
21 silly publish      'babel-eslint': '^4.1.4',
21 silly publish      'babel-loader': '^6.0.1',
21 silly publish      'babel-preset-es2015': '^6.1.2',
21 silly publish      chai: '^3.4.1',
21 silly publish      eslint: '^1.9.0',
21 silly publish      'eslint-loader': '^1.1.1',
21 silly publish      mocha: '^2.3.3',
21 silly publish      'require-dir': '^0.3.0',
21 silly publish      sinon: '^1.17.2',
21 silly publish      'sinon-chai': '^2.8.0',
21 silly publish      webpack: '^1.12.4',
21 silly publish      'webpack-dev-server': '^1.12.1' },
21 silly publish   author: { name: 'Emmanuel Chappat' },
21 silly publish   license: 'MIT',
21 silly publish   readme: '#Javascript Functional Programming utilities\n[![NPM version][npm-image]][npm-url]\n[![build status][travis-image]][travis-url]\n\nThis is a project to learn FP (main inspiration right now is https://github.com/MostlyAdequate/mostly-adequate-guide) and build a practical and minimatilistic functional programming tool set for javascript.\n\n\n[npm-image]: https://img.shields.io/npm/v/jsfp.svg?style=flat-square\n[npm-url]: https://npmjs.org/package/jsfp\n[travis-image]: https://img.shields.io/travis/m4nuC/jsfp/master.svg?style=flat-square\n[travis-url]: https://travis-ci.org/m4nuC/jsfp',
21 silly publish   readmeFilename: 'README.md',
21 silly publish   gitHead: '7fc8da5aef9d55040e89274dbb955eff91896235',
21 silly publish   _id: 'jsfp@0.0.9',
21 silly publish   _shasum: '53bcc86423ea5a0d3fd63c55efcbae5a940ce0da',
21 silly publish   _from: '.' }
22 verbose getPublishConfig undefined
23 silly mapToRegistry name jsfp
24 silly mapToRegistry using default registry
25 silly mapToRegistry registry https://registry.npmjs.org/
26 silly mapToRegistry data Result {
26 silly mapToRegistry   raw: 'jsfp',
26 silly mapToRegistry   scope: null,
26 silly mapToRegistry   name: 'jsfp',
26 silly mapToRegistry   rawSpec: '',
26 silly mapToRegistry   spec: 'latest',
26 silly mapToRegistry   type: 'tag' }
27 silly mapToRegistry uri https://registry.npmjs.org/jsfp
28 verbose publish registryBase https://registry.npmjs.org/
29 silly publish uploading /Users/ombre/.npm/jsfp/0.0.9/package.tgz
30 verbose request uri https://registry.npmjs.org/jsfp
31 verbose request sending authorization for write operation
32 info attempt registry request try #1 at 8:00:07 PM
33 verbose request using bearer token for auth
34 verbose request id d8b5dd824178423f
35 http request PUT https://registry.npmjs.org/jsfp
36 http 403 https://registry.npmjs.org/jsfp
37 verbose headers { 'content-type': 'application/json',
37 verbose headers   'cache-control': 'max-age=300',
37 verbose headers   'content-length': '95',
37 verbose headers   'accept-ranges': 'bytes',
37 verbose headers   date: 'Mon, 06 Jun 2016 12:00:10 GMT',
37 verbose headers   via: '1.1 varnish',
37 verbose headers   connection: 'keep-alive',
37 verbose headers   'x-served-by': 'cache-sin6927-SIN',
37 verbose headers   'x-cache': 'MISS',
37 verbose headers   'x-cache-hits': '0',
37 verbose headers   'x-timer': 'S1465214410.039474,VS0,VE843',
37 verbose headers   vary: 'Accept-Encoding' }
38 verbose request invalidating /Users/ombre/.npm/registry.npmjs.org/jsfp on PUT
39 error publish Failed PUT 403
40 verbose stack Error: "You cannot publish over the previously published version 0.0.9." : jsfp
40 verbose stack     at makeError (/usr/local/lib/node_modules/npm/node_modules/npm-registry-client/lib/request.js:264:12)
40 verbose stack     at CachingRegistryClient.<anonymous> (/usr/local/lib/node_modules/npm/node_modules/npm-registry-client/lib/request.js:252:14)
40 verbose stack     at Request._callback (/usr/local/lib/node_modules/npm/node_modules/npm-registry-client/lib/request.js:172:14)
40 verbose stack     at Request.self.callback (/usr/local/lib/node_modules/npm/node_modules/request/request.js:200:22)
40 verbose stack     at emitTwo (events.js:106:13)
40 verbose stack     at Request.emit (events.js:191:7)
40 verbose stack     at Request.<anonymous> (/usr/local/lib/node_modules/npm/node_modules/request/request.js:1067:10)
40 verbose stack     at emitOne (events.js:101:20)
40 verbose stack     at Request.emit (events.js:188:7)
40 verbose stack     at IncomingMessage.<anonymous> (/usr/local/lib/node_modules/npm/node_modules/request/request.js:988:12)
41 verbose statusCode 403
42 verbose pkgid jsfp
43 verbose cwd /Users/ombre/www/OpenSource/fp
44 error Darwin 15.5.0
45 error argv "/usr/local/bin/node" "/usr/local/bin/npm" "publish"
46 error node v6.2.0
47 error npm  v3.8.9
48 error code E403
49 error "You cannot publish over the previously published version 0.0.9." : jsfp
50 error If you need help, you may report this error at:
50 error     <https://github.com/npm/npm/issues>
51 verbose exit [ 1, true ]
